  main.cpp
D:\semestre actual\grafica\ProyectoFinal_CGIHC\ProyectoFinal_CGIHC\include\shader_m.h(44,40): warning C4101: 'e': unreferenced local variable
D:\semestre actual\grafica\ProyectoFinal_CGIHC\ProyectoFinal_CGIHC\include\modelAnim.h(104,44): warning C4244: '=': conversion from 'double' to 'float', possible loss of data
D:\semestre actual\grafica\ProyectoFinal_CGIHC\ProyectoFinal_CGIHC\include\modelAnim.h(520,24): warning C4244: 'initializing': conversion from 'double' to 'float', possible loss of data
D:\semestre actual\grafica\ProyectoFinal_CGIHC\ProyectoFinal_CGIHC\main.cpp(264,1): warning C4005: 'MAX_FRAMES': macro redefinition
D:\semestre actual\grafica\ProyectoFinal_CGIHC\ProyectoFinal_CGIHC\main.cpp(218): message : see previous definition of 'MAX_FRAMES'
D:\semestre actual\grafica\ProyectoFinal_CGIHC\ProyectoFinal_CGIHC\main.cpp(561,21): warning C4305: '=': truncation from 'double' to 'float'
D:\semestre actual\grafica\ProyectoFinal_CGIHC\ProyectoFinal_CGIHC\main.cpp(603,20): warning C4305: '=': truncation from 'double' to 'float'
D:\semestre actual\grafica\ProyectoFinal_CGIHC\ProyectoFinal_CGIHC\main.cpp(611,21): warning C4305: '=': truncation from 'double' to 'float'
D:\semestre actual\grafica\ProyectoFinal_CGIHC\ProyectoFinal_CGIHC\main.cpp(642,29): warning C4305: '+=': truncation from 'double' to 'float'
D:\semestre actual\grafica\ProyectoFinal_CGIHC\ProyectoFinal_CGIHC\main.cpp(643,22): warning C4305: '=': truncation from 'double' to 'float'
D:\semestre actual\grafica\ProyectoFinal_CGIHC\ProyectoFinal_CGIHC\main.cpp(669,20): warning C4305: '+=': truncation from 'double' to 'float'
D:\semestre actual\grafica\ProyectoFinal_CGIHC\ProyectoFinal_CGIHC\main.cpp(671,24): warning C4305: '-=': truncation from 'double' to 'float'
D:\semestre actual\grafica\ProyectoFinal_CGIHC\ProyectoFinal_CGIHC\main.cpp(684,24): warning C4305: '+=': truncation from 'double' to 'float'
D:\semestre actual\grafica\ProyectoFinal_CGIHC\ProyectoFinal_CGIHC\main.cpp(705,26): warning C4305: '+=': truncation from 'double' to 'float'
D:\semestre actual\grafica\ProyectoFinal_CGIHC\ProyectoFinal_CGIHC\main.cpp(729,24): warning C4244: '=': conversion from 'double' to 'float', possible loss of data
D:\semestre actual\grafica\ProyectoFinal_CGIHC\ProyectoFinal_CGIHC\main.cpp(730,20): warning C4244: '=': conversion from 'double' to 'float', possible loss of data
D:\semestre actual\grafica\ProyectoFinal_CGIHC\ProyectoFinal_CGIHC\main.cpp(739,24): warning C4244: '=': conversion from 'double' to 'float', possible loss of data
D:\semestre actual\grafica\ProyectoFinal_CGIHC\ProyectoFinal_CGIHC\main.cpp(743,17): warning C4305: '=': truncation from 'double' to 'float'
D:\semestre actual\grafica\ProyectoFinal_CGIHC\ProyectoFinal_CGIHC\main.cpp(750,34): warning C4244: '=': conversion from 'double' to 'float', possible loss of data
D:\semestre actual\grafica\ProyectoFinal_CGIHC\ProyectoFinal_CGIHC\main.cpp(751,20): warning C4244: '=': conversion from 'double' to 'float', possible loss of data
D:\semestre actual\grafica\ProyectoFinal_CGIHC\ProyectoFinal_CGIHC\main.cpp(1117,35): warning C4305: '=': truncation from 'double' to 'float'
D:\semestre actual\grafica\ProyectoFinal_CGIHC\ProyectoFinal_CGIHC\main.cpp(1134,35): warning C4305: '=': truncation from 'double' to 'float'
D:\semestre actual\grafica\ProyectoFinal_CGIHC\ProyectoFinal_CGIHC\main.cpp(1168,39): warning C4305: '=': truncation from 'double' to 'float'
D:\semestre actual\grafica\ProyectoFinal_CGIHC\ProyectoFinal_CGIHC\main.cpp(1620,11): warning C4244: '=': conversion from 'double' to 'float', possible loss of data
D:\semestre actual\grafica\ProyectoFinal_CGIHC\ProyectoFinal_CGIHC\main.cpp(1623,10): warning C4244: '=': conversion from 'double' to 'float', possible loss of data
D:\semestre actual\grafica\ProyectoFinal_CGIHC\ProyectoFinal_CGIHC\main.cpp(1725,42): warning C4305: 'argument': truncation from 'double' to 'T'
          with
          [
              T=float
          ]
D:\semestre actual\grafica\ProyectoFinal_CGIHC\ProyectoFinal_CGIHC\main.cpp(1739,42): warning C4305: 'argument': truncation from 'double' to 'T'
          with
          [
              T=float
          ]
D:\semestre actual\grafica\ProyectoFinal_CGIHC\ProyectoFinal_CGIHC\main.cpp(2107,11): warning C4244: '=': conversion from 'double' to 'float', possible loss of data
D:\semestre actual\grafica\ProyectoFinal_CGIHC\ProyectoFinal_CGIHC\main.cpp(2108,11): warning C4244: '=': conversion from 'double' to 'float', possible loss of data
D:\semestre actual\grafica\ProyectoFinal_CGIHC\ProyectoFinal_CGIHC\main.cpp(2112,16): warning C4244: 'initializing': conversion from 'double' to 'float', possible loss of data
D:\semestre actual\grafica\ProyectoFinal_CGIHC\ProyectoFinal_CGIHC\main.cpp(2113,16): warning C4244: 'initializing': conversion from 'double' to 'float', possible loss of data
D:\semestre actual\grafica\ProyectoFinal_CGIHC\ProyectoFinal_CGIHC\main.cpp(2115,10): warning C4244: '=': conversion from 'double' to 'float', possible loss of data
D:\semestre actual\grafica\ProyectoFinal_CGIHC\ProyectoFinal_CGIHC\main.cpp(2116,10): warning C4244: '=': conversion from 'double' to 'float', possible loss of data
D:\semestre actual\grafica\ProyectoFinal_CGIHC\ProyectoFinal_CGIHC\main.cpp(2124,28): warning C4244: 'argument': conversion from 'double' to 'float', possible loss of data
  ProyectoFinal_CGIHC.vcxproj -> D:\semestre actual\grafica\ProyectoFinal_CGIHC\Debug\ProyectoFinal_CGIHC.exe
